0 info it worked if it ends with ok
1 verbose cli [ '/usr/bin/node', '/usr/bin/npm', 'install', 'yarn' ]
2 info using npm@3.5.2
3 info using node@v8.10.0
4 silly loadCurrentTree Starting
5 silly install loadCurrentTree
6 silly install readLocalPackageData
7 silly fetchPackageMetaData yarn
8 silly fetchNamedPackageData yarn
9 silly mapToRegistry name yarn
10 silly mapToRegistry using default registry
11 silly mapToRegistry registry https://registry.npmjs.org/
12 silly mapToRegistry uri https://registry.npmjs.org/yarn
13 verbose request uri https://registry.npmjs.org/yarn
14 verbose request no auth needed
15 info attempt registry request try #1 at 7:05:37 PM
16 verbose request id f581ff1269c15d60
17 http request GET https://registry.npmjs.org/yarn
18 http 200 https://registry.npmjs.org/yarn
19 verbose headers { date: 'Fri, 14 Feb 2020 18:05:36 GMT',
19 verbose headers   'content-type': 'application/json',
19 verbose headers   'transfer-encoding': 'chunked',
19 verbose headers   connection: 'keep-alive',
19 verbose headers   'set-cookie':
19 verbose headers    [ '__cfduid=d785d92e27365c2064079905002fd69421581703536; expires=Sun, 15-Mar-20 18:05:36 GMT; path=/; domain=.npmjs.org; HttpOnly; SameSite=Lax' ],
19 verbose headers   'cf-ray': '5650f89d98edf2b8-WAW',
19 verbose headers   age: '3065',
19 verbose headers   'cache-control': 'public, max-age=300',
19 verbose headers   etag: 'W/"8e6eb2f323c30ad7561866d1d40cfc96"',
19 verbose headers   'last-modified': 'Wed, 05 Feb 2020 19:14:24 GMT',
19 verbose headers   vary: 'accept-encoding, accept',
19 verbose headers   'cf-cache-status': 'HIT',
19 verbose headers   'expect-ct': 'max-age=604800, report-uri="https://report-uri.cloudflare.com/cdn-cgi/beacon/expect-ct"',
19 verbose headers   server: 'cloudflare',
19 verbose headers   'content-encoding': 'gzip' }
20 silly get cb [ 200,
20 silly get   { date: 'Fri, 14 Feb 2020 18:05:36 GMT',
20 silly get     'content-type': 'application/json',
20 silly get     'transfer-encoding': 'chunked',
20 silly get     connection: 'keep-alive',
20 silly get     'set-cookie':
20 silly get      [ '__cfduid=d785d92e27365c2064079905002fd69421581703536; expires=Sun, 15-Mar-20 18:05:36 GMT; path=/; domain=.npmjs.org; HttpOnly; SameSite=Lax' ],
20 silly get     'cf-ray': '5650f89d98edf2b8-WAW',
20 silly get     age: '3065',
20 silly get     'cache-control': 'public, max-age=300',
20 silly get     etag: 'W/"8e6eb2f323c30ad7561866d1d40cfc96"',
20 silly get     'last-modified': 'Wed, 05 Feb 2020 19:14:24 GMT',
20 silly get     vary: 'accept-encoding, accept',
20 silly get     'cf-cache-status': 'HIT',
20 silly get     'expect-ct': 'max-age=604800, report-uri="https://report-uri.cloudflare.com/cdn-cgi/beacon/expect-ct"',
20 silly get     server: 'cloudflare',
20 silly get     'content-encoding': 'gzip' } ]
21 verbose get saving yarn to /home/eviathos/.npm/registry.npmjs.org/yarn/.cache.json
22 verbose makeDirectory /home/eviathos/.npm creation not in flight; initializing
23 silly makeDirectory /home/eviathos/.npm uid: 1000 gid: 1000
24 silly install normalizeTree
25 silly loadCurrentTree Finishing
26 silly loadIdealTree Starting
27 silly install loadIdealTree
28 silly cloneCurrentTree Starting
29 silly install cloneCurrentTreeToIdealTree
30 silly cloneCurrentTree Finishing
31 silly loadShrinkwrap Starting
32 silly install loadShrinkwrap
33 silly loadShrinkwrap Finishing
34 silly loadAllDepsIntoIdealTree Starting
35 silly install loadAllDepsIntoIdealTree
36 silly resolveWithNewModule yarn@1.22.0 checking installable status
37 silly cache add args [ 'yarn', null ]
38 verbose cache add spec yarn
39 silly cache add parsed spec Result {
39 silly cache add   raw: 'yarn',
39 silly cache add   scope: null,
39 silly cache add   name: 'yarn',
39 silly cache add   rawSpec: '',
39 silly cache add   spec: 'latest',
39 silly cache add   type: 'tag' }
40 silly addNamed yarn@latest
41 verbose addNamed "latest" is being treated as a dist-tag for yarn
42 info addNameTag [ 'yarn', 'latest' ]
43 silly mapToRegistry name yarn
44 silly mapToRegistry using default registry
45 silly mapToRegistry registry https://registry.npmjs.org/
46 silly mapToRegistry uri https://registry.npmjs.org/yarn
47 verbose addNameTag registry:https://registry.npmjs.org/yarn not in flight; fetching
48 verbose get https://registry.npmjs.org/yarn not expired, no request
49 silly addNameTag next cb for yarn with tag latest
50 silly addNamed yarn@1.22.0
51 verbose addNamed "1.22.0" is a plain semver version for yarn
52 silly mapToRegistry name yarn
53 silly mapToRegistry using default registry
54 silly mapToRegistry registry https://registry.npmjs.org/
55 silly mapToRegistry uri https://registry.npmjs.org/yarn
56 verbose addRemoteTarball https://registry.npmjs.org/yarn/-/yarn-1.22.0.tgz not in flight; adding
57 verbose addRemoteTarball [ 'https://registry.npmjs.org/yarn/-/yarn-1.22.0.tgz',
57 verbose addRemoteTarball   'acf82906e36bcccd1ccab1cfb73b87509667c881' ]
58 info retry fetch attempt 1 at 7:05:37 PM
59 info attempt registry request try #1 at 7:05:37 PM
60 http fetch GET https://registry.npmjs.org/yarn/-/yarn-1.22.0.tgz
61 http fetch 200 https://registry.npmjs.org/yarn/-/yarn-1.22.0.tgz
62 silly fetchAndShaCheck shasum acf82906e36bcccd1ccab1cfb73b87509667c881
63 verbose addTmpTarball /tmp/npm-13523-15708451/registry.npmjs.org/yarn/-/yarn-1.22.0.tgz not in flight; adding
64 verbose addTmpTarball already have metadata; skipping unpack for yarn@1.22.0
65 silly cache afterAdd yarn@1.22.0
66 verbose afterAdd /home/eviathos/.npm/yarn/1.22.0/package/package.json not in flight; writing
67 verbose afterAdd /home/eviathos/.npm/yarn/1.22.0/package/package.json written
68 silly loadAllDepsIntoIdealTree Finishing
69 silly idealTree:prePrune ozon-expert
69 silly idealTree:prePrune └── yarn@1.22.0
70 silly loadIdealTree Finishing
71 silly currentTree ozon-expert
72 silly idealTree ozon-expert
72 silly idealTree └── yarn@1.22.0
73 silly generateActionsToTake Starting
74 silly install generateActionsToTake
75 silly generateActionsToTake Finishing
76 silly diffTrees action count 1
77 silly diffTrees add yarn@1.22.0
78 silly decomposeActions action count 8
79 silly decomposeActions fetch yarn@1.22.0
80 silly decomposeActions extract yarn@1.22.0
81 silly decomposeActions test yarn@1.22.0
82 silly decomposeActions preinstall yarn@1.22.0
83 silly decomposeActions build yarn@1.22.0
84 silly decomposeActions install yarn@1.22.0
85 silly decomposeActions postinstall yarn@1.22.0
86 silly decomposeActions finalize yarn@1.22.0
87 silly executeActions Starting
88 silly install executeActions
89 silly doSerial global-install 0
90 silly doParallel fetch 1
91 verbose makeDirectory /home/eviathos/.npm/_locks creation not in flight; initializing
92 silly makeDirectory /home/eviathos/.npm/_locks uid: 1000 gid: 1000
93 verbose lock using /home/eviathos/.npm/_locks/staging-b419c977715d9950.lock for /mnt/c/code/ozon-expert/node_modules/.staging
94 silly doParallel extract 1
95 silly extract yarn@1.22.0
96 verbose unbuild node_modules/.staging/yarn-29a280c9
97 silly gentlyRm /mnt/c/code/ozon-expert/node_modules/.staging/yarn-29a280c9 is being purged from base /mnt/c/code/ozon-expert
98 verbose gentlyRm don't care about contents; nuking /mnt/c/code/ozon-expert/node_modules/.staging/yarn-29a280c9
99 verbose tar unpack /home/eviathos/.npm/yarn/1.22.0/package.tgz
100 verbose tar unpacking to /mnt/c/code/ozon-expert/node_modules/.staging/yarn-29a280c9
101 silly gentlyRm /mnt/c/code/ozon-expert/node_modules/.staging/yarn-29a280c9 is being purged
102 verbose gentlyRm don't care about contents; nuking /mnt/c/code/ozon-expert/node_modules/.staging/yarn-29a280c9
103 silly gunzTarPerm modes [ '777', '666' ]
104 silly gunzTarPerm extractEntry LICENSE
105 silly gunzTarPerm modified mode [ 'LICENSE', 420, 438 ]
106 silly gunzTarPerm extractEntry README.md
107 silly gunzTarPerm modified mode [ 'README.md', 420, 438 ]
108 silly gunzTarPerm extractEntry bin/
109 silly gunzTarPerm modified mode [ 'bin/', 493, 511 ]
110 error tar.unpack untar error /home/eviathos/.npm/yarn/1.22.0/package.tgz
111 verbose unlock done using /home/eviathos/.npm/_locks/staging-b419c977715d9950.lock for /mnt/c/code/ozon-expert/node_modules/.staging
112 silly rollbackFailedOptional Starting
113 silly rollbackFailedOptional Finishing
114 silly runTopLevelLifecycles Starting
115 silly runTopLevelLifecycles Finishing
116 silly install printInstalled
117 warn enoent ENOENT: no such file or directory, open '/mnt/c/code/ozon-expert/package.json'
118 warn ozon-expert No description
119 warn ozon-expert No repository field.
120 warn ozon-expert No README data
121 warn ozon-expert No license field.
122 verbose fstream_path /mnt/c/code/ozon-expert/node_modules/.staging/yarn-29a280c9/LICENSE
123 verbose fstream_type File
124 verbose fstream_class FileWriter
125 verbose fstream_finish_call chmod
126 verbose stack Error: EPERM: operation not permitted, chmod '/mnt/c/code/ozon-expert/node_modules/.staging/yarn-29a280c9/LICENSE'
127 verbose fstream_stack /usr/share/npm/node_modules/fstream/lib/writer.js:306:21
127 verbose fstream_stack FSReqWrap.oncomplete (fs.js:135:15)
128 verbose cwd /mnt/c/code/ozon-expert
129 error Linux 4.4.0-18362-Microsoft
130 error argv "/usr/bin/node" "/usr/bin/npm" "install" "yarn"
131 error node v8.10.0
132 error npm  v3.5.2
133 error path /mnt/c/code/ozon-expert/node_modules/.staging/yarn-29a280c9/LICENSE
134 error code EPERM
135 error errno -1
136 error syscall chmod
137 error Error: EPERM: operation not permitted, chmod '/mnt/c/code/ozon-expert/node_modules/.staging/yarn-29a280c9/LICENSE'
137 error  { Error: EPERM: operation not permitted, chmod '/mnt/c/code/ozon-expert/node_modules/.staging/yarn-29a280c9/LICENSE'
137 error   errno: -1,
137 error   code: 'EPERM',
137 error   syscall: 'chmod',
137 error   path: '/mnt/c/code/ozon-expert/node_modules/.staging/yarn-29a280c9/LICENSE',
137 error   fstream_finish_call: 'chmod',
137 error   fstream_type: 'File',
137 error   fstream_path: '/mnt/c/code/ozon-expert/node_modules/.staging/yarn-29a280c9/LICENSE',
137 error   fstream_class: 'FileWriter',
137 error   fstream_stack:
137 error    [ '/usr/share/npm/node_modules/fstream/lib/writer.js:306:21',
137 error      'FSReqWrap.oncomplete (fs.js:135:15)' ] }
138 error Please try running this command again as root/Administrator.
139 verbose exit [ -1, true ]
